<?xml version="1.0" encoding="UTF-8"?>
<testng-results skipped="0" failed="0" total="1" passed="1">
  <reporter-output>
  </reporter-output>
  <suite name="Surefire suite" duration-ms="101" started-at="2017-03-10T21:00:57Z" finished-at="2017-03-10T21:00:57Z">
    <groups>
    </groups>
    <test name="Surefire test" duration-ms="101" started-at="2017-03-10T21:00:57Z" finished-at="2017-03-10T21:00:57Z">
      <class name="org.ndsc.mimicIO.mapi.AppTest">
        <test-method status="PASS" signature="testApp()[pri:0, instance:testApp(org.ndsc.mimicIO.mapi.AppTest)]" name="testApp" duration-ms="7" started-at="2017-03-11T05:00:57Z" finished-at="2017-03-11T05:00:57Z">
          <reporter-output>
          </reporter-output>
        </test-method> <!-- testApp -->
      </class> <!-- org.ndsc.mimicIO.mapi.AppTest -->
    </test> <!-- Surefire test -->
  </suite> <!-- Surefire suite -->
</testng-results>
